# JRE version: OpenJDK Runtime Environment Microsoft-8035250 (11.0.20+8) (build 11.0.20+8-LTS)
# Java VM: OpenJDK 64-Bit Server VM Microsoft-8035250 (11.0.20+8-LTS, mixed mode, tiered, compressed oops, g1 gc, windows-amd64)
Heap:
 garbage-first heap   total 258048K, used 53969K [0x0000000704800000, 0x0000000800000000)
  region size 1024K, 24 young (24576K), 12 survivors (12288K)
 Metaspace       used 17254K, capacity 17499K, committed 17664K, reserved 1064960K
  class space    used 1648K, capacity 1729K, committed 1792K, reserved 1048576K
GC Heap History (20 events):
Event: 1.084 GC heap before
{Heap before GC invocations=0 (full 0):
 garbage-first heap   total 258048K, used 23552K [0x0000000704800000, 0x0000000800000000)
  region size 1024K, 24 young (24576K), 0 survivors (0K)
 Metaspace       used 16345K, capacity 16578K, committed 16768K, reserved 1064960K
  class space    used 1579K, capacity 1627K, committed 1664K, reserved 1048576K
}
Event: 1.088 GC heap after
{Heap after GC invocations=1 (full 0):
 garbage-first heap   total 258048K, used 4333K [0x0000000704800000, 0x0000000800000000)
  region size 1024K, 3 young (3072K), 3 survivors (3072K)
 Metaspace       used 16345K, capacity 16578K, committed 16768K, reserved 1064960K
  class space    used 1579K, capacity 1627K, committed 1664K, reserved 1048576K
}
Event: 46.590 GC heap before
{Heap before GC invocations=1 (full 0):
 garbage-first heap   total 258048K, used 155885K [0x0000000704800000, 0x0000000800000000)
  region size 1024K, 151 young (154624K), 3 survivors (3072K)
 Metaspace       used 17177K, capacity 17402K, committed 17664K, reserved 1064960K
  class space    used 1644K, capacity 1697K, committed 1792K, reserved 1048576K
}
Event: 46.596 GC heap after
{Heap after GC invocations=2 (full 0):
 garbage-first heap   total 258048K, used 8372K [0x0000000704800000, 0x0000000800000000)
  region size 1024K, 7 young (7168K), 7 survivors (7168K)
 Metaspace       used 17177K, capacity 17402K, committed 17664K, reserved 1064960K
  class space    used 1644K, capacity 1697K, committed 1792K, reserved 1048576K
}
Event: 132.877 GC heap before
{Heap before GC invocations=2 (full 0):
 garbage-first heap   total 258048K, used 155828K [0x0000000704800000, 0x0000000800000000)
  region size 1024K, 151 young (154624K), 7 survivors (7168K)
 Metaspace       used 17208K, capacity 17434K, committed 17664K, reserved 1064960K
  class space    used 1645K, capacity 1729K, committed 1792K, reserved 1048576K
}
Event: 132.885 GC heap after
{Heap after GC invocations=3 (full 0):
 garbage-first heap   total 258048K, used 12682K [0x0000000704800000, 0x0000000800000000)
  region size 1024K, 12 young (12288K), 12 survivors (12288K)
 Metaspace       used 17208K, capacity 17434K, committed 17664K, reserved 1064960K
  class space    used 1645K, capacity 1729K, committed 1792K, reserved 1048576K
}
Event: 290.327 GC heap before
{Heap before GC invocations=3 (full 0):
 garbage-first heap   total 258048K, used 155018K [0x0000000704800000, 0x0000000800000000)
  region size 1024K, 151 young (154624K), 12 survivors (12288K)
 Metaspace       used 17238K, capacity 17499K, committed 17664K, reserved 1064960K
  class space    used 1646K, capacity 1729K, committed 1792K, reserved 1048576K
}
Event: 290.335 GC heap after
{Heap after GC invocations=4 (full 0):
 garbage-first heap   total 258048K, used 16616K [0x0000000704800000, 0x0000000800000000)
  region size 1024K, 12 young (12288K), 12 survivors (12288K)
 Metaspace       used 17238K, capacity 17499K, committed 17664K, reserved 1064960K
  class space    used 1646K, capacity 1729K, committed 1792K, reserved 1048576K
}
Event: 510.911 GC heap before
{Heap before GC invocations=4 (full 0):
 garbage-first heap   total 258048K, used 158952K [0x0000000704800000, 0x0000000800000000)
  region size 1024K, 151 young (154624K), 12 survivors (12288K)
 Metaspace       used 17239K, capacity 17499K, committed 17664K, reserved 1064960K
  class space    used 1646K, capacity 1729K, committed 1792K, reserved 1048576K
}
Event: 510.921 GC heap after
{Heap after GC invocations=5 (full 0):
 garbage-first heap   total 258048K, used 21715K [0x0000000704800000, 0x0000000800000000)
  region size 1024K, 13 young (13312K), 13 survivors (13312K)
 Metaspace       used 17239K, capacity 17499K, committed 17664K, reserved 1064960K
  class space    used 1646K, capacity 1729K, committed 1792K, reserved 1048576K
}
Event: 788.314 GC heap before
{Heap before GC invocations=5 (full 0):
 garbage-first heap   total 258048K, used 164051K [0x0000000704800000, 0x0000000800000000)
  region size 1024K, 151 young (154624K), 13 survivors (13312K)
 Metaspace       used 17239K, capacity 17499K, committed 17664K, reserved 1064960K
  class space    used 1646K, capacity 1729K, committed 1792K, reserved 1048576K
}
Event: 788.323 GC heap after
{Heap after GC invocations=6 (full 0):
 garbage-first heap   total 258048K, used 25386K [0x0000000704800000, 0x0000000800000000)
  region size 1024K, 12 young (12288K), 12 survivors (12288K)
 Metaspace       used 17239K, capacity 17499K, committed 17664K, reserved 1064960K
  class space    used 1646K, capacity 1729K, committed 1792K, reserved 1048576K
}
Event: 3275.465 GC heap before
{Heap before GC invocations=6 (full 0):
 garbage-first heap   total 258048K, used 167722K [0x0000000704800000, 0x0000000800000000)
  region size 1024K, 151 young (154624K), 12 survivors (12288K)
 Metaspace       used 17239K, capacity 17499K, committed 17664K, reserved 1064960K
  class space    used 1646K, capacity 1729K, committed 1792K, reserved 1048576K
}
Event: 3275.494 GC heap after
{Heap after GC invocations=7 (full 0):
 garbage-first heap   total 258048K, used 29029K [0x0000000704800000, 0x0000000800000000)
  region size 1024K, 12 young (12288K), 12 survivors (12288K)
 Metaspace       used 17239K, capacity 17499K, committed 17664K, reserved 1064960K
  class space    used 1646K, capacity 1729K, committed 1792K, reserved 1048576K
}
Event: 3724.175 GC heap before
{Heap before GC invocations=7 (full 0):
 garbage-first heap   total 258048K, used 171365K [0x0000000704800000, 0x0000000800000000)
  region size 1024K, 151 young (154624K), 12 survivors (12288K)
 Metaspace       used 17239K, capacity 17499K, committed 17664K, reserved 1064960K
  class space    used 1646K, capacity 1729K, committed 1792K, reserved 1048576K
}
Event: 3724.187 GC heap after
{Heap after GC invocations=8 (full 0):
 garbage-first heap   total 258048K, used 33302K [0x0000000704800000, 0x0000000800000000)
  region size 1024K, 12 young (12288K), 12 survivors (12288K)
 Metaspace       used 17239K, capacity 17499K, committed 17664K, reserved 1064960K
  class space    used 1646K, capacity 1729K, committed 1792K, reserved 1048576K
}
Event: 4224.715 GC heap before
{Heap before GC invocations=8 (full 0):
 garbage-first heap   total 258048K, used 177686K [0x0000000704800000, 0x0000000800000000)
  region size 1024K, 151 young (154624K), 12 survivors (12288K)
 Metaspace       used 17239K, capacity 17499K, committed 17664K, reserved 1064960K
  class space    used 1646K, capacity 1729K, committed 1792K, reserved 1048576K
}
Event: 4224.730 GC heap after
{Heap after GC invocations=9 (full 0):
 garbage-first heap   total 258048K, used 39089K [0x0000000704800000, 0x0000000800000000)
  region size 1024K, 12 young (12288K), 12 survivors (12288K)
 Metaspace       used 17239K, capacity 17499K, committed 17664K, reserved 1064960K
  class space    used 1646K, capacity 1729K, committed 1792K, reserved 1048576K
}
Event: 5094.113 GC heap before
{Heap before GC invocations=9 (full 0):
 garbage-first heap   total 258048K, used 181425K [0x0000000704800000, 0x0000000800000000)
  region size 1024K, 151 young (154624K), 12 survivors (12288K)
 Metaspace       used 17239K, capacity 17499K, committed 17664K, reserved 1064960K
  class space    used 1646K, capacity 1729K, committed 1792K, reserved 1048576K
}
Event: 5094.151 GC heap after
{Heap after GC invocations=10 (full 0):
 garbage-first heap   total 258048K, used 42705K [0x0000000704800000, 0x0000000800000000)
  region size 1024K, 12 young (12288K), 12 survivors (12288K)
 Metaspace       used 17239K, capacity 17499K, committed 17664K, reserved 1064960K
  class space    used 1646K, capacity 1729K, committed 1792K, reserved 1048576K
}

